[30-Aug-2019 14:57:53] NOTICE: fpm is running, pid 16
[30-Aug-2019 14:57:53] NOTICE: ready to handle connections
[30-Aug-2019 21:04:48] NOTICE: Terminating ...
[30-Aug-2019 21:04:48] NOTICE: exiting, bye-bye!
[01-Sep-2019 09:31:28] NOTICE: fpm is running, pid 51
[01-Sep-2019 09:31:28] NOTICE: ready to handle connections
[01-Sep-2019 09:31:43] NOTICE: Terminating ...
[01-Sep-2019 09:31:43] NOTICE: exiting, bye-bye!
[01-Sep-2019 09:31:53] NOTICE: fpm is running, pid 58
[01-Sep-2019 09:31:53] NOTICE: ready to handle connections
[01-Sep-2019 09:34:34] NOTICE: Terminating ...
[01-Sep-2019 09:34:34] NOTICE: exiting, bye-bye!
[01-Sep-2019 09:37:13] NOTICE: fpm is running, pid 53
[01-Sep-2019 09:37:13] NOTICE: ready to handle connections
[02-Sep-2019 18:55:29] NOTICE: fpm is running, pid 51
[02-Sep-2019 18:55:29] NOTICE: ready to handle connections
[02-Sep-2019 21:21:59] NOTICE: Terminating ...
[02-Sep-2019 21:21:59] NOTICE: exiting, bye-bye!
[03-Sep-2019 18:41:25] NOTICE: fpm is running, pid 51
[03-Sep-2019 18:41:25] NOTICE: ready to handle connections
[03-Sep-2019 19:22:09] NOTICE: Terminating ...
[03-Sep-2019 19:22:09] NOTICE: exiting, bye-bye!
[04-Sep-2019 17:05:16] NOTICE: fpm is running, pid 53
[04-Sep-2019 17:05:16] NOTICE: ready to handle connections
[04-Sep-2019 21:17:38] NOTICE: Terminating ...
[04-Sep-2019 21:17:38] NOTICE: exiting, bye-bye!
[09-Sep-2019 17:01:38] NOTICE: fpm is running, pid 54
[09-Sep-2019 17:01:38] NOTICE: ready to handle connections
[09-Sep-2019 20:08:19] NOTICE: Terminating ...
[09-Sep-2019 20:08:19] NOTICE: exiting, bye-bye!
[10-Sep-2019 16:41:54] NOTICE: fpm is running, pid 51
[10-Sep-2019 16:41:54] NOTICE: ready to handle connections
[10-Sep-2019 18:42:35] NOTICE: Terminating ...
[10-Sep-2019 18:42:35] NOTICE: exiting, bye-bye!
[13-Sep-2019 10:54:29] NOTICE: fpm is running, pid 51
[13-Sep-2019 10:54:29] NOTICE: ready to handle connections
[14-Sep-2019 16:15:49] NOTICE: fpm is running, pid 51
[14-Sep-2019 16:15:49] NOTICE: ready to handle connections
[14-Sep-2019 18:04:10] NOTICE: Terminating ...
[14-Sep-2019 18:04:10] NOTICE: exiting, bye-bye!
[15-Sep-2019 11:56:52] NOTICE: fpm is running, pid 51
[15-Sep-2019 11:56:52] NOTICE: ready to handle connections
[15-Sep-2019 21:02:06] NOTICE: Terminating ...
[15-Sep-2019 21:02:06] NOTICE: exiting, bye-bye!
[16-Sep-2019 20:28:11] NOTICE: fpm is running, pid 53
[16-Sep-2019 20:28:11] NOTICE: ready to handle connections
[16-Sep-2019 21:21:57] NOTICE: Terminating ...
[16-Sep-2019 21:21:57] NOTICE: exiting, bye-bye!
[17-Sep-2019 09:41:56] NOTICE: fpm is running, pid 51
[17-Sep-2019 09:41:56] NOTICE: ready to handle connections
[17-Sep-2019 11:12:22] NOTICE: Terminating ...
[17-Sep-2019 11:12:22] NOTICE: exiting, bye-bye!
[17-Sep-2019 18:59:44] NOTICE: fpm is running, pid 51
[17-Sep-2019 18:59:44] NOTICE: ready to handle connections
[17-Sep-2019 20:30:06] NOTICE: Terminating ...
[17-Sep-2019 20:30:06] NOTICE: exiting, bye-bye!
[18-Sep-2019 18:40:09] NOTICE: fpm is running, pid 51
[18-Sep-2019 18:40:09] NOTICE: ready to handle connections
[18-Sep-2019 20:23:13] NOTICE: Terminating ...
[18-Sep-2019 20:23:13] NOTICE: exiting, bye-bye!
[22-Sep-2019 18:03:26] NOTICE: fpm is running, pid 64
[22-Sep-2019 18:03:26] NOTICE: ready to handle connections
[22-Sep-2019 19:27:30] NOTICE: Terminating ...
[22-Sep-2019 19:27:30] NOTICE: exiting, bye-bye!
[22-Sep-2019 19:43:02] NOTICE: fpm is running, pid 51
[22-Sep-2019 19:43:02] NOTICE: ready to handle connections
[22-Sep-2019 19:57:47] NOTICE: Terminating ...
[22-Sep-2019 19:57:47] NOTICE: exiting, bye-bye!
